INFO  2017-10-21T20:51:47.377 "Program started" 
INFO  2017-10-21T20:56:26.071 "[LoginSucess] User 1" 
INFO  2017-10-21T20:56:26.990 "[Invoice][OUTDATED] User 1 Invoice ID 4" 
INFO  2017-10-21T20:56:37.205 "[Deposit] User 1 deposit ID 3" 
INFO  2017-10-21T20:56:37.206 "[Print] print ini" 
INFO  2017-10-21T20:56:38.208 "[Print] print" 
INFO  2017-10-21T20:56:43.754 "[Print] print deposit user 1 deposit 3" 
INFO  2017-10-21T20:58:31.451 "Program exited" 
INFO  2017-10-21T20:59:12.440 "Program started" 
INFO  2017-10-21T20:59:18.584 "[LoginSucess] User 1" 
INFO  2017-10-21T20:59:47.418 "Program exited" 
INFO  2017-10-24T16:53:29.498 "Program started" 
INFO  2017-10-24T16:55:03.335 "[LoginSucess] User 1" 
INFO  2017-10-24T16:55:03.780 "[Invoice][OUTDATED] User 1 Invoice ID 6" 
INFO  2017-10-24T16:58:38.476 "[LoginSucess] User 1" 
INFO  2017-10-24T16:58:44.141 "[Deposit] User 1 deposit ID 4" 
INFO  2017-10-24T16:58:44.142 "[Print] print ini" 
INFO  2017-10-24T16:58:44.895 "[Print] print" 
INFO  2017-10-24T16:58:49.508 "[Print] print deposit user 1 deposit 4" 
INFO  2017-10-24T17:00:16.970 "[LoginFailed] id 1 username 1 pass check failed" 
INFO  2017-10-24T17:01:31.536 "[LoginSucess] User 1" 
INFO  2017-10-24T17:04:45.860 "Program exited" 
INFO  2017-10-24T17:05:05.853 "Program started" 
INFO  2017-10-24T17:05:13.680 "[LoginSucess] User 1" 
INFO  2017-10-24T17:10:27.016 "Program exited" 
INFO  2017-10-24T17:10:59.658 "Program started" 
INFO  2017-10-24T17:11:04.509 "[LoginSucess] User 1" 
INFO  2017-10-24T17:12:49.556 "Program exited" 
INFO  2017-10-24T17:13:28.899 "Program started" 
INFO  2017-10-24T17:13:33.530 "[LoginSucess] User 1" 
INFO  2017-10-24T17:13:54.602 "Program exited" 
INFO  2017-10-24T17:14:43.280 "Program started" 
INFO  2017-10-24T17:14:47.732 "[LoginSucess] User 1" 
INFO  2017-10-24T17:15:00.359 "Program exited" 
INFO  2017-10-24T17:18:05.866 "Program started" 
INFO  2017-10-24T17:18:19.873 "[LoginSucess] User 1" 
INFO  2017-10-24T17:31:51.999 "Program exited" 
INFO  2017-10-24T17:32:02.278 "Program started" 
INFO  2017-10-24T17:32:08.534 "[LoginSucess] User 1" 
INFO  2017-10-24T17:34:39.690 "Program exited" 
INFO  2017-10-24T17:34:47.243 "Program started" 
INFO  2017-10-24T17:34:52.499 "[LoginSucess] User 1" 
INFO  2017-10-24T17:34:59.067 "Program exited" 
INFO  2017-10-24T17:35:20.216 "Program started" 
INFO  2017-10-24T17:35:41.958 "[LoginSucess] User 1" 
INFO  2017-10-24T17:37:44.472 "[Fireplace reservation] User 1 item 2" 
INFO  2017-10-24T17:37:48.267 "[Table reservation] User 1 item 1" 
INFO  2017-10-24T19:02:20.732 "Program exited" 
INFO  2017-10-24T19:02:32.898 "Program started" 
INFO  2017-10-24T19:13:54.188 "Program exited" 
INFO  2017-10-24T19:14:03.079 "Program started" 
INFO  2017-10-24T19:14:14.370 "Program exited" 
INFO  2017-10-24T19:15:24.163 "Program started" 
INFO  2017-10-24T19:15:32.276 "Program exited" 
INFO  2017-10-24T19:18:39.300 "Program started" 
INFO  2017-10-24T19:18:52.147 "Program exited" 
INFO  2017-10-24T19:19:55.535 "Program started" 
INFO  2017-10-24T19:20:09.085 "Program exited" 
INFO  2017-10-24T19:20:20.370 "Program started" 
INFO  2017-10-24T19:21:26.610 "[LoginSucess] User 1" 
INFO  2017-10-24T19:29:35.578 "Program exited" 
INFO  2017-10-24T19:29:44.707 "Program started" 
INFO  2017-10-24T19:29:53.803 "[LoginSucess] User 1" 
INFO  2017-10-24T19:29:58.634 "Program exited" 
INFO  2017-10-24T19:30:16.827 "Program started" 
INFO  2017-10-24T19:30:28.758 "[LoginSucess] User 1" 
INFO  2017-10-24T19:31:09.528 "Program exited" 
INFO  2017-10-24T19:31:26.404 "Program started" 
INFO  2017-10-24T19:33:04.967 "[LoginSucess] User 1" 
INFO  2017-10-24T19:33:11.712 "Program exited" 
INFO  2017-10-24T19:33:31.935 "Program started" 
INFO  2017-10-24T19:33:52.956 "[LoginSucess] User 1" 
INFO  2017-10-24T19:41:59.791 "Program exited" 
INFO  2017-10-24T19:42:39.387 "Program started" 
INFO  2017-10-24T19:42:44.316 "[LoginSucess] User 1" 
INFO  2017-10-24T19:44:14.716 "Program exited" 
INFO  2017-10-24T19:44:44.494 "Program started" 
INFO  2017-10-24T19:44:50.360 "[LoginSucess] User 1" 
INFO  2017-10-24T19:46:45.295 "Program exited" 
INFO  2017-10-24T19:46:59.556 "Program started" 
INFO  2017-10-24T19:47:04.899 "[LoginSucess] User 1" 
INFO  2017-10-24T19:48:42.764 "Program exited" 
INFO  2017-10-24T19:48:53.772 "Program started" 
INFO  2017-10-24T19:49:01.389 "[LoginSucess] User 1" 
INFO  2017-10-24T19:50:14.131 "Program exited" 
INFO  2017-10-24T19:50:23.250 "Program started" 
INFO  2017-10-24T19:50:27.268 "[LoginSucess] User 1" 
INFO  2017-10-24T19:51:28.049 "Program exited" 
INFO  2017-10-24T19:51:55.016 "Program started" 
INFO  2017-10-24T19:52:04.342 "[LoginSucess] User 1" 
INFO  2017-10-24T19:52:20.678 "Program exited" 
INFO  2017-10-24T19:52:30.474 "Program started" 
INFO  2017-10-24T19:52:34.791 "[LoginSucess] User 1" 
INFO  2017-10-24T19:52:53.677 "Program exited" 
INFO  2017-10-24T19:53:12.099 "Program started" 
INFO  2017-10-24T19:53:16.904 "[LoginSucess] User 1" 
INFO  2017-10-24T19:55:08.086 "Program exited" 
INFO  2017-10-24T19:55:16.793 "Program started" 
INFO  2017-10-24T19:55:21.386 "[LoginSucess] User 1" 
INFO  2017-10-24T19:56:34.419 "Program exited" 
INFO  2017-10-24T19:56:43.442 "Program started" 
INFO  2017-10-24T19:56:47.628 "[LoginSucess] User 1" 
INFO  2017-10-24T20:08:41.193 "Program exited" 
INFO  2017-10-24T20:08:50.363 "Program started" 
INFO  2017-10-24T20:09:10.950 "[LoginSucess] User 1" 
INFO  2017-10-24T20:11:09.382 "Program exited" 
INFO  2017-10-24T20:11:21.016 "Program started" 
INFO  2017-10-24T20:11:25.890 "[LoginSucess] User 1" 
INFO  2017-10-24T20:13:01.512 "Program exited" 
INFO  2017-10-24T20:13:10.488 "Program started" 
INFO  2017-10-24T20:13:16.124 "[LoginSucess] User 1" 
INFO  2017-10-24T20:16:56.627 "Program exited" 
INFO  2017-10-24T20:17:05.674 "Program started" 
INFO  2017-10-24T20:17:09.866 "[LoginSucess] User 1" 
INFO  2017-10-24T20:18:05.432 "Program exited" 
INFO  2017-10-24T20:18:14.103 "Program started" 
INFO  2017-10-24T20:18:19.748 "[LoginSucess] User 1" 
INFO  2017-10-24T20:19:17.893 "Program exited" 
INFO  2017-10-24T20:19:40.719 "Program started" 
INFO  2017-10-24T20:19:45.895 "[LoginFailed] id 1 username 1 pass check failed" 
INFO  2017-10-24T20:19:50.201 "[LoginSucess] User 1" 
INFO  2017-10-24T20:21:38.344 "Program exited" 
INFO  2017-10-24T20:21:47.383 "Program started" 
INFO  2017-10-24T20:21:52.570 "[LoginSucess] User 1" 
INFO  2017-10-24T20:22:04.783 "Program exited" 
INFO  2017-10-24T20:22:52.346 "Program started" 
INFO  2017-10-24T20:23:00.465 "[LoginSucess] User 1" 
INFO  2017-10-24T20:28:43.773 "Program exited" 
INFO  2017-10-24T20:28:52.911 "Program started" 
INFO  2017-10-24T20:28:57.219 "[LoginSucess] User 1" 
INFO  2017-10-24T20:29:45.041 "Program exited" 
INFO  2017-10-24T20:29:56.190 "Program started" 
INFO  2017-10-24T20:30:01.018 "[LoginSucess] User 1" 
INFO  2017-10-24T20:33:24.259 "Program exited" 
INFO  2017-10-24T20:33:34.090 "Program started" 
INFO  2017-10-24T20:33:38.874 "[LoginSucess] User 1" 
INFO  2017-10-24T20:38:46.275 "[LoginSucess] User 1" 
INFO  2017-10-24T20:48:18.641 "Program exited" 
INFO  2017-10-24T20:48:29.127 "Program started" 
INFO  2017-10-24T20:48:34.146 "[LoginSucess] User 1" 
INFO  2017-10-24T20:49:42.073 "Program exited" 
INFO  2017-10-24T20:49:51.392 "Program started" 
INFO  2017-10-24T20:49:56.618 "[LoginSucess] User 1" 
INFO  2017-10-24T20:51:01.521 "Program exited" 
INFO  2017-10-24T20:51:11.131 "Program started" 
INFO  2017-10-24T20:51:22.915 "[LoginSucess] User 1" 
INFO  2017-10-24T20:52:22.016 "Program exited" 
INFO  2017-10-24T20:53:51.648 "Program started" 
INFO  2017-10-24T20:54:05.243 "[LoginFailed] username 0 does not exist" 
INFO  2017-10-24T20:54:06.710 "Program exited" 
INFO  2017-10-24T20:54:09.971 "Program started" 
INFO  2017-10-24T20:54:15.266 "[LoginSucess] User 1" 
INFO  2017-10-24T20:55:39.485 "Program exited" 
